  GestionnaireSaisons.cpp
C:\Program Files (x86)\Microsoft Visual Studio\2019\Community\VC\Tools\MSVC\14.24.28314\include\xmemory(671,1): error C2280: 'std::unique_ptr<Saison,std::default_delete<Saison>>::unique_ptr(const std::unique_ptr<Saison,std::default_delete<Saison>> &)': attempting to reference a deleted function
C:\Program Files (x86)\Microsoft Visual Studio\2019\Community\VC\Tools\MSVC\14.24.28314\include\memory(1912): message : see declaration of 'std::unique_ptr<Saison,std::default_delete<Saison>>::unique_ptr'
C:\Program Files (x86)\Microsoft Visual Studio\2019\Community\VC\Tools\MSVC\14.24.28314\include\memory(1912,5): message : 'std::unique_ptr<Saison,std::default_delete<Saison>>::unique_ptr(const std::unique_ptr<Saison,std::default_delete<Saison>> &)': function was explicitly deleted
C:\Program Files (x86)\Microsoft Visual Studio\2019\Community\VC\Tools\MSVC\14.24.28314\include\vector(683): message : see reference to function template instantiation 'void std::_Default_allocator_traits<_Alloc>::construct<_Ty,const _Ty&>(_Alloc &,_Objty *const ,const _Ty &)' being compiled
          with
          [
              _Alloc=std::allocator<std::unique_ptr<Saison,std::default_delete<Saison>>>,
              _Ty=std::unique_ptr<Saison,std::default_delete<Saison>>,
              _Objty=std::unique_ptr<Saison,std::default_delete<Saison>>
          ]
C:\Program Files (x86)\Microsoft Visual Studio\2019\Community\VC\Tools\MSVC\14.24.28314\include\vector(688): message : see reference to function template instantiation 'void std::_Default_allocator_traits<_Alloc>::construct<_Ty,const _Ty&>(_Alloc &,_Objty *const ,const _Ty &)' being compiled
          with
          [
              _Alloc=std::allocator<std::unique_ptr<Saison,std::default_delete<Saison>>>,
              _Ty=std::unique_ptr<Saison,std::default_delete<Saison>>,
              _Objty=std::unique_ptr<Saison,std::default_delete<Saison>>
          ]
C:\Program Files (x86)\Microsoft Visual Studio\2019\Community\VC\Tools\MSVC\14.24.28314\include\vector(701): message : see reference to function template instantiation '_Ty &std::vector<_Ty,std::allocator<_Ty>>::_Emplace_back_with_unused_capacity<const _Ty&>(const _Ty &)' being compiled
          with
          [
              _Ty=std::unique_ptr<Saison,std::default_delete<Saison>>
          ]
C:\Program Files (x86)\Microsoft Visual Studio\2019\Community\VC\Tools\MSVC\14.24.28314\include\vector(718): message : see reference to function template instantiation '_Ty &std::vector<_Ty,std::allocator<_Ty>>::emplace_back<const _Ty&>(const _Ty &)' being compiled
          with
          [
              _Ty=std::unique_ptr<Saison,std::default_delete<Saison>>
          ]
C:\Program Files (x86)\Microsoft Visual Studio\2019\Community\VC\Tools\MSVC\14.24.28314\include\vector(717): message : while compiling class template member function 'void std::vector<std::unique_ptr<Saison,std::default_delete<Saison>>,std::allocator<std::unique_ptr<Saison,std::default_delete<Saison>>>>::push_back(const _Ty &)'
          with
          [
              _Ty=std::unique_ptr<Saison,std::default_delete<Saison>>
          ]
C:\Users\Mart\Documents\POLY\INF1010\TP3 - H20\src\GestionnaireSaisons.cpp(18): message : see reference to function template instantiation 'void std::vector<std::unique_ptr<Saison,std::default_delete<Saison>>,std::allocator<std::unique_ptr<Saison,std::default_delete<Saison>>>>::push_back(const _Ty &)' being compiled
          with
          [
              _Ty=std::unique_ptr<Saison,std::default_delete<Saison>>
          ]
C:\Users\Mart\Documents\POLY\INF1010\TP3 - H20\include\GestionnaireSaisons.h(31): message : see reference to class template instantiation 'std::vector<std::unique_ptr<Saison,std::default_delete<Saison>>,std::allocator<std::unique_ptr<Saison,std::default_delete<Saison>>>>' being compiled
  Librairie.cpp
C:\Program Files (x86)\Microsoft Visual Studio\2019\Community\VC\Tools\MSVC\14.24.28314\include\xmemory(671,1): error C2280: 'std::unique_ptr<Media,std::default_delete<Media>>::unique_ptr(const std::unique_ptr<Media,std::default_delete<Media>> &)': attempting to reference a deleted function
C:\Program Files (x86)\Microsoft Visual Studio\2019\Community\VC\Tools\MSVC\14.24.28314\include\memory(1912): message : see declaration of 'std::unique_ptr<Media,std::default_delete<Media>>::unique_ptr'
C:\Program Files (x86)\Microsoft Visual Studio\2019\Community\VC\Tools\MSVC\14.24.28314\include\memory(1912,5): message : 'std::unique_ptr<Media,std::default_delete<Media>>::unique_ptr(const std::unique_ptr<Media,std::default_delete<Media>> &)': function was explicitly deleted
C:\Program Files (x86)\Microsoft Visual Studio\2019\Community\VC\Tools\MSVC\14.24.28314\include\vector(683): message : see reference to function template instantiation 'void std::_Default_allocator_traits<_Alloc>::construct<_Ty,const _Ty&>(_Alloc &,_Objty *const ,const _Ty &)' being compiled
          with
          [
              _Alloc=std::allocator<std::unique_ptr<Media,std::default_delete<Media>>>,
              _Ty=std::unique_ptr<Media,std::default_delete<Media>>,
              _Objty=std::unique_ptr<Media,std::default_delete<Media>>
          ]
C:\Program Files (x86)\Microsoft Visual Studio\2019\Community\VC\Tools\MSVC\14.24.28314\include\vector(688): message : see reference to function template instantiation 'void std::_Default_allocator_traits<_Alloc>::construct<_Ty,const _Ty&>(_Alloc &,_Objty *const ,const _Ty &)' being compiled
          with
          [
              _Alloc=std::allocator<std::unique_ptr<Media,std::default_delete<Media>>>,
              _Ty=std::unique_ptr<Media,std::default_delete<Media>>,
              _Objty=std::unique_ptr<Media,std::default_delete<Media>>
          ]
C:\Program Files (x86)\Microsoft Visual Studio\2019\Community\VC\Tools\MSVC\14.24.28314\include\vector(701): message : see reference to function template instantiation '_Ty &std::vector<_Ty,std::allocator<_Ty>>::_Emplace_back_with_unused_capacity<const _Ty&>(const _Ty &)' being compiled
          with
          [
              _Ty=std::unique_ptr<Media,std::default_delete<Media>>
          ]
C:\Program Files (x86)\Microsoft Visual Studio\2019\Community\VC\Tools\MSVC\14.24.28314\include\vector(718): message : see reference to function template instantiation '_Ty &std::vector<_Ty,std::allocator<_Ty>>::emplace_back<const _Ty&>(const _Ty &)' being compiled
          with
          [
              _Ty=std::unique_ptr<Media,std::default_delete<Media>>
          ]
C:\Program Files (x86)\Microsoft Visual Studio\2019\Community\VC\Tools\MSVC\14.24.28314\include\vector(717): message : while compiling class template member function 'void std::vector<std::unique_ptr<Media,std::default_delete<Media>>,std::allocator<std::unique_ptr<Media,std::default_delete<Media>>>>::push_back(const _Ty &)'
          with
          [
              _Ty=std::unique_ptr<Media,std::default_delete<Media>>
          ]
C:\Users\Mart\Documents\POLY\INF1010\TP3 - H20\src\Librairie.cpp(173): message : see reference to function template instantiation 'void std::vector<std::unique_ptr<Media,std::default_delete<Media>>,std::allocator<std::unique_ptr<Media,std::default_delete<Media>>>>::push_back(const _Ty &)' being compiled
          with
          [
              _Ty=std::unique_ptr<Media,std::default_delete<Media>>
          ]
C:\Users\Mart\Documents\POLY\INF1010\TP3 - H20\include\Librairie.h(61): message : see reference to class template instantiation 'std::vector<std::unique_ptr<Media,std::default_delete<Media>>,std::allocator<std::unique_ptr<Media,std::default_delete<Media>>>>' being compiled
  Media.cpp
  Saison.cpp
C:\Program Files (x86)\Microsoft Visual Studio\2019\Community\VC\Tools\MSVC\14.24.28314\include\xmemory(671,1): error C2280: 'std::unique_ptr<Episode,std::default_delete<Episode>>::unique_ptr(const std::unique_ptr<Episode,std::default_delete<Episode>> &)': attempting to reference a deleted function
C:\Program Files (x86)\Microsoft Visual Studio\2019\Community\VC\Tools\MSVC\14.24.28314\include\memory(1912): message : see declaration of 'std::unique_ptr<Episode,std::default_delete<Episode>>::unique_ptr'
C:\Program Files (x86)\Microsoft Visual Studio\2019\Community\VC\Tools\MSVC\14.24.28314\include\memory(1912,5): message : 'std::unique_ptr<Episode,std::default_delete<Episode>>::unique_ptr(const std::unique_ptr<Episode,std::default_delete<Episode>> &)': function was explicitly deleted
C:\Program Files (x86)\Microsoft Visual Studio\2019\Community\VC\Tools\MSVC\14.24.28314\include\vector(683): message : see reference to function template instantiation 'void std::_Default_allocator_traits<_Alloc>::construct<_Ty,const _Ty&>(_Alloc &,_Objty *const ,const _Ty &)' being compiled
          with
          [
              _Alloc=std::allocator<std::unique_ptr<Episode,std::default_delete<Episode>>>,
              _Ty=std::unique_ptr<Episode,std::default_delete<Episode>>,
              _Objty=std::unique_ptr<Episode,std::default_delete<Episode>>
          ]
C:\Program Files (x86)\Microsoft Visual Studio\2019\Community\VC\Tools\MSVC\14.24.28314\include\vector(688): message : see reference to function template instantiation 'void std::_Default_allocator_traits<_Alloc>::construct<_Ty,const _Ty&>(_Alloc &,_Objty *const ,const _Ty &)' being compiled
          with
          [
              _Alloc=std::allocator<std::unique_ptr<Episode,std::default_delete<Episode>>>,
              _Ty=std::unique_ptr<Episode,std::default_delete<Episode>>,
              _Objty=std::unique_ptr<Episode,std::default_delete<Episode>>
          ]
C:\Program Files (x86)\Microsoft Visual Studio\2019\Community\VC\Tools\MSVC\14.24.28314\include\vector(701): message : see reference to function template instantiation '_Ty &std::vector<_Ty,std::allocator<_Ty>>::_Emplace_back_with_unused_capacity<const _Ty&>(const _Ty &)' being compiled
          with
          [
              _Ty=std::unique_ptr<Episode,std::default_delete<Episode>>
          ]
C:\Program Files (x86)\Microsoft Visual Studio\2019\Community\VC\Tools\MSVC\14.24.28314\include\vector(718): message : see reference to function template instantiation '_Ty &std::vector<_Ty,std::allocator<_Ty>>::emplace_back<const _Ty&>(const _Ty &)' being compiled
          with
          [
              _Ty=std::unique_ptr<Episode,std::default_delete<Episode>>
          ]
C:\Program Files (x86)\Microsoft Visual Studio\2019\Community\VC\Tools\MSVC\14.24.28314\include\vector(717): message : while compiling class template member function 'void std::vector<std::unique_ptr<Episode,std::default_delete<Episode>>,std::allocator<std::unique_ptr<Episode,std::default_delete<Episode>>>>::push_back(const _Ty &)'
          with
          [
              _Ty=std::unique_ptr<Episode,std::default_delete<Episode>>
          ]
C:\Users\Mart\Documents\POLY\INF1010\TP3 - H20\src\Saison.cpp(44): message : see reference to function template instantiation 'void std::vector<std::unique_ptr<Episode,std::default_delete<Episode>>,std::allocator<std::unique_ptr<Episode,std::default_delete<Episode>>>>::push_back(const _Ty &)' being compiled
          with
          [
              _Ty=std::unique_ptr<Episode,std::default_delete<Episode>>
          ]
C:\Users\Mart\Documents\POLY\INF1010\TP3 - H20\include\Saison.h(42): message : see reference to class template instantiation 'std::vector<std::unique_ptr<Episode,std::default_delete<Episode>>,std::allocator<std::unique_ptr<Episode,std::default_delete<Episode>>>>' being compiled
  Serie.cpp
C:\Program Files (x86)\Microsoft Visual Studio\2019\Community\VC\Tools\MSVC\14.24.28314\include\memory(2055,35): error C2664: 'Media::Media(const Media &)': cannot convert argument 1 from '_Ty' to 'const Media &'
          with
          [
              _Ty=const Serie *
          ]
C:\Program Files (x86)\Microsoft Visual Studio\2019\Community\VC\Tools\MSVC\14.24.28314\include\memory(2054,59): message : Reason: cannot convert from '_Ty' to 'const Media'
          with
          [
              _Ty=const Serie *
          ]
C:\Program Files (x86)\Microsoft Visual Studio\2019\Community\VC\Tools\MSVC\14.24.28314\include\memory(2054,59): message : No constructor could take the source type, or constructor overload resolution was ambiguous
C:\Users\Mart\Documents\POLY\INF1010\TP3 - H20\include\Media.h(52,5): message : see declaration of 'Media::Media'
C:\Users\Mart\Documents\POLY\INF1010\TP3 - H20\src\Serie.cpp(46): message : see reference to function template instantiation 'std::unique_ptr<Media,std::default_delete<Media>> std::make_unique<Media,const Serie*,0>(const Serie *&&)' being compiled
  Generating Code...
